<?xml version="1.0" encoding="UTF-8"?>
<testng-results ignored="0" total="1" passed="1" failed="0" skipped="0">
  <reporter-output>
  </reporter-output>
  <suite started-at="2023-06-03T16:25:55 EDT" name="Default suite" finished-at="2023-06-03T16:25:57 EDT" duration-ms="1516">
    <groups>
    </groups>
    <test started-at="2023-06-03T16:25:55 EDT" name="Default test" finished-at="2023-06-03T16:25:57 EDT" duration-ms="1516">
      <class name="practiceWireMock.ConditionalMocking">
        <test-method is-config="true" signature="setUp()[pri:0, instance:practiceWireMock.ConditionalMocking@25f7391e]" started-at="2023-06-03T16:25:55 EDT" name="setUp" finished-at="2023-06-03T16:25:56 EDT" duration-ms="526" status="PASS">
          <reporter-output>
          </reporter-output>
        </test-method> <!-- setUp -->
        <test-method signature="testWithcode()[pri:0, instance:practiceWireMock.ConditionalMocking@25f7391e]" started-at="2023-06-03T16:25:56 EDT" name="testWithcode" finished-at="2023-06-03T16:25:57 EDT" duration-ms="955" status="PASS">
          <reporter-output>
          </reporter-output>
        </test-method> <!-- testWithcode -->
        <test-method is-config="true" signature="tearDown()[pri:0, instance:practiceWireMock.ConditionalMocking@25f7391e]" started-at="2023-06-03T16:25:57 EDT" name="tearDown" finished-at="2023-06-03T16:25:57 EDT" duration-ms="6" status="PASS">
          <reporter-output>
          </reporter-output>
        </test-method> <!-- tearDown -->
      </class> <!-- practiceWireMock.ConditionalMocking -->
    </test> <!-- Default test -->
  </suite> <!-- Default suite -->
</testng-results>
